<?xml version="1.0" encoding="UTF-8"?>
<robot generator="Robot 3.1.2 (Python 3.7.3 on win32)" generated="20190618 20:45:33.665" rpa="false">
<suite id="s1" name="RobotProject" source="C:\Users\lenova\eclipse-workspace\RobotProject">
<suite id="s1-s1" name="Test" source="C:\Users\lenova\eclipse-workspace\RobotProject\Test">
<suite id="s1-s1-s1" name="TestSuite1" source="C:\Users\lenova\eclipse-workspace\RobotProject\Test\TestSuite1.robot">
<kw name="Log To Console" library="BuiltIn" type="setup">
<doc>Logs the given message to the console.</doc>
<arguments>
<arg>Testsuite Started</arg>
</arguments>
<status status="PASS" starttime="20190618 20:45:34.978" endtime="20190618 20:45:34.980"></status>
</kw>
<test id="s1-s1-s1-t1" name="MyFirstTest">
<kw name="Log" library="BuiltIn">
<doc>Logs the given message with the given level.</doc>
<arguments>
<arg>Hello World...</arg>
</arguments>
<msg timestamp="20190618 20:45:34.986" level="INFO">Hello World...</msg>
<status status="PASS" starttime="20190618 20:45:34.985" endtime="20190618 20:45:34.987"></status>
</kw>
<tags>
<tag>sanity</tag>
</tags>
<status status="PASS" starttime="20190618 20:45:34.982" endtime="20190618 20:45:34.988" critical="yes"></status>
</test>
<test id="s1-s1-s1-t2" name="MySecondTest">
<kw name="Log" library="BuiltIn">
<doc>Logs the given message with the given level.</doc>
<arguments>
<arg>This is my selenium Training</arg>
</arguments>
<msg timestamp="20190618 20:45:34.995" level="INFO">This is my selenium Training</msg>
<status status="PASS" starttime="20190618 20:45:34.993" endtime="20190618 20:45:34.995"></status>
</kw>
<tags>
<tag>Smoke</tag>
</tags>
<status status="PASS" starttime="20190618 20:45:34.991" endtime="20190618 20:45:34.997" critical="yes"></status>
</test>
<test id="s1-s1-s1-t3" name="MyThirdTest">
<kw name="Set Tags" library="BuiltIn">
<doc>Adds given ``tags`` for the current test or all tests in a suite.</doc>
<arguments>
<arg>Regression</arg>
</arguments>
<msg timestamp="20190618 20:45:35.003" level="INFO">Set tag 'Regression'.</msg>
<status status="PASS" starttime="20190618 20:45:35.001" endtime="20190618 20:45:35.004"></status>
</kw>
<kw name="Remove Tags" library="BuiltIn">
<doc>Removes given ``tags`` from the current test or all tests in a suite.</doc>
<arguments>
<arg>Regression</arg>
</arguments>
<msg timestamp="20190618 20:45:35.008" level="INFO">Removed tag 'Regression'.</msg>
<status status="PASS" starttime="20190618 20:45:35.005" endtime="20190618 20:45:35.008"></status>
</kw>
<kw name="Log" library="BuiltIn">
<doc>Logs the given message with the given level.</doc>
<arguments>
<arg>I am inside my test</arg>
</arguments>
<msg timestamp="20190618 20:45:35.011" level="INFO">I am inside my test</msg>
<status status="PASS" starttime="20190618 20:45:35.009" endtime="20190618 20:45:35.012"></status>
</kw>
<tags>
<tag>sanity</tag>
</tags>
<status status="PASS" starttime="20190618 20:45:34.999" endtime="20190618 20:45:35.014" critical="yes"></status>
</test>
<kw name="Log To Console" library="BuiltIn" type="teardown">
<doc>Logs the given message to the console.</doc>
<arguments>
<arg>TestSuite Completed</arg>
</arguments>
<status status="PASS" starttime="20190618 20:45:35.019" endtime="20190618 20:45:35.021"></status>
</kw>
<status status="PASS" starttime="20190618 20:45:33.939" endtime="20190618 20:45:35.023"></status>
</suite>
<status status="PASS" starttime="20190618 20:45:33.929" endtime="20190618 20:45:35.036"></status>
</suite>
<status status="PASS" starttime="20190618 20:45:33.820" endtime="20190618 20:45:35.049"></status>
</suite>
<statistics>
<total>
<stat pass="3" fail="0">Critical Tests</stat>
<stat pass="3" fail="0">All Tests</stat>
</total>
<tag>
<stat pass="2" fail="0">sanity</stat>
<stat pass="1" fail="0">Smoke</stat>
</tag>
<suite>
<stat pass="3" fail="0" id="s1" name="RobotProject">RobotProject</stat>
<stat pass="3" fail="0" id="s1-s1" name="Test">RobotProject.Test</stat>
<stat pass="3" fail="0" id="s1-s1-s1" name="TestSuite1">RobotProject.Test.TestSuite1</stat>
</suite>
</statistics>
<errors>
</errors>
</robot>
